<?xml version="1.0" encoding="UTF-8"?>
<!-- Generated by org.testng.reporters.JUnitXMLReporter -->
<testsuite ignored="0" hostname="MSI" failures="0" tests="6" name="Default test" time="10.683" errors="0" timestamp="2024-10-03T17:09:50 IST">
  <testcase classname="api_testing.Beeceptor" name="GetList" time="3.816"/>
  <testcase classname="api_testing.Beeceptor" name="ListOfOrders" time="1.418"/>
  <testcase classname="api_testing.Beeceptor" name="ListOfUserOrders" time="1.371"/>
  <testcase classname="api_testing.Beeceptor" name="OrderStatus" time="1.29"/>
  <testcase classname="api_testing.Beeceptor" name="RetrieveAList" time="1.369"/>
  <testcase classname="api_testing.Beeceptor" name="UpdatedOrders" time="1.331"/>
</testsuite> <!-- Default test -->
