<?xml version="1.0" encoding="UTF-8"?>
<testng-results ignored="0" total="6" passed="6" failed="0" skipped="0">
  <reporter-output>
  </reporter-output>
  <suite started-at="2024-10-03T17:09:39 IST" name="Default suite" finished-at="2024-10-03T17:09:50 IST" duration-ms="10683">
    <groups>
    </groups>
    <test started-at="2024-10-03T17:09:39 IST" name="Default test" finished-at="2024-10-03T17:09:50 IST" duration-ms="10683">
      <class name="api_testing.Beeceptor">
        <test-method signature="GetList()[pri:0, instance:api_testing.Beeceptor@1b11171f]" started-at="2024-10-03T17:09:39 IST" name="GetList" finished-at="2024-10-03T17:09:43 IST" duration-ms="3816" status="PASS">
          <reporter-output>
          </reporter-output>
        </test-method> <!-- GetList -->
        <test-method signature="ListOfOrders()[pri:0, instance:api_testing.Beeceptor@1b11171f]" started-at="2024-10-03T17:09:43 IST" name="ListOfOrders" finished-at="2024-10-03T17:09:45 IST" duration-ms="1418" status="PASS">
          <reporter-output>
          </reporter-output>
        </test-method> <!-- ListOfOrders -->
        <test-method signature="ListOfUserOrders()[pri:0, instance:api_testing.Beeceptor@1b11171f]" started-at="2024-10-03T17:09:45 IST" name="ListOfUserOrders" finished-at="2024-10-03T17:09:46 IST" duration-ms="1371" status="PASS">
          <reporter-output>
          </reporter-output>
        </test-method> <!-- ListOfUserOrders -->
        <test-method signature="OrderStatus()[pri:0, instance:api_testing.Beeceptor@1b11171f]" started-at="2024-10-03T17:09:46 IST" name="OrderStatus" finished-at="2024-10-03T17:09:47 IST" duration-ms="1290" status="PASS">
          <reporter-output>
          </reporter-output>
        </test-method> <!-- OrderStatus -->
        <test-method signature="RetrieveAList()[pri:0, instance:api_testing.Beeceptor@1b11171f]" started-at="2024-10-03T17:09:47 IST" name="RetrieveAList" finished-at="2024-10-03T17:09:49 IST" duration-ms="1369" status="PASS">
          <reporter-output>
          </reporter-output>
        </test-method> <!-- RetrieveAList -->
        <test-method signature="UpdatedOrders()[pri:0, instance:api_testing.Beeceptor@1b11171f]" started-at="2024-10-03T17:09:49 IST" name="UpdatedOrders" finished-at="2024-10-03T17:09:50 IST" duration-ms="1331" status="PASS">
          <reporter-output>
          </reporter-output>
        </test-method> <!-- UpdatedOrders -->
      </class> <!-- api_testing.Beeceptor -->
    </test> <!-- Default test -->
  </suite> <!-- Default suite -->
</testng-results>
