<?xml version="1.0" encoding="UTF-8"?>
<testng-results ignored="0" total="1" passed="1" failed="0" skipped="0">
  <reporter-output>
  </reporter-output>
  <suite started-at="2024-10-06T21:54:14 IST" name="Default suite" finished-at="2024-10-06T21:54:50 IST" duration-ms="36338">
    <groups>
    </groups>
    <test started-at="2024-10-06T21:54:14 IST" name="Default test" finished-at="2024-10-06T21:54:50 IST" duration-ms="36338">
      <class name="nativeTest.Test">
        <test-method is-config="true" signature="bt()[pri:0, instance:nativeTest.Test@48e1f6c7]" started-at="2024-10-06T21:54:14 IST" name="bt" finished-at="2024-10-06T21:54:27 IST" duration-ms="13275" status="PASS">
          <reporter-output>
          </reporter-output>
        </test-method> <!-- bt -->
        <test-method signature="tc()[pri:0, instance:nativeTest.Test@48e1f6c7]" started-at="2024-10-06T21:54:27 IST" name="tc" finished-at="2024-10-06T21:54:50 IST" duration-ms="23000" status="PASS">
          <reporter-output>
          </reporter-output>
        </test-method> <!-- tc -->
      </class> <!-- nativeTest.Test -->
    </test> <!-- Default test -->
  </suite> <!-- Default suite -->
</testng-results>
